\BOOKMARK [1][-]{figure.caption.1}{\376\377\144\130\000\040\211\201}{}% 1
\BOOKMARK [1][-]{section.1}{\376\377\176\352\213\272}{}% 2
\BOOKMARK [2][-]{subsection.1.1}{\376\377\170\024\172\166\200\314\146\157\116\016\141\017\116\111}{section.1}% 3
\BOOKMARK [2][-]{subsection.1.2}{\376\377\147\155\135\336\040\034\121\155\134\017\237\231\040\035\151\202\121\265}{section.1}% 4
\BOOKMARK [2][-]{subsection.1.3}{\376\377\142\245\124\112\176\323\147\204\116\016\170\024\172\166\145\271\154\325}{section.1}% 5
\BOOKMARK [1][-]{section.2}{\376\377\213\241\173\227\147\072\143\247\122\066\174\373\176\337\150\070\137\303\142\200\147\057\151\202\213\272}{}% 6
\BOOKMARK [2][-]{subsection.2.1}{\376\377\143\247\122\066\174\373\176\337\166\204\127\372\147\054\176\304\142\020\176\323\147\204}{section.2}% 7
\BOOKMARK [2][-]{subsection.2.2}{\376\377\220\032\220\123\143\245\123\343\116\016\174\373\176\337\140\073\176\277\142\200\147\057}{section.2}% 8
\BOOKMARK [2][-]{subsection.2.3}{\376\377\145\160\133\127\143\247\122\066\126\150\213\276\213\241\145\271\154\325}{section.2}% 9
\BOOKMARK [2][-]{subsection.2.4}{\376\377\165\065\170\301\121\174\133\271\140\047\213\276\213\241\123\237\122\031}{section.2}% 10
\BOOKMARK [1][-]{section.3}{\376\377\116\377\165\037\147\072\126\150\116\272\174\373\176\337\116\055\166\204\143\247\122\066\142\200\147\057\136\224\165\050}{}% 11
\BOOKMARK [2][-]{subsection.3.1}{\376\377\133\207\150\021\171\321\142\200\166\204\143\247\122\066\174\373\176\337\147\266\147\204\122\006\147\220}{section.3}% 12
\BOOKMARK [3][-]{subsubsection.3.1.1}{\376\377\117\040\141\037\126\150\217\223\121\145\116\016\145\160\143\156\221\307\226\306\152\041\127\127}{subsection.3.1}% 13
\BOOKMARK [3][-]{subsubsection.3.1.2}{\376\377\217\320\122\250\143\247\122\066\126\150\116\016\143\247\122\066\173\227\154\325\133\236\163\260}{subsection.3.1}% 14
\BOOKMARK [3][-]{subsubsection.3.1.3}{\376\377\142\147\210\114\126\150\232\161\122\250\116\016\123\315\231\210\126\336\215\357\213\276\213\241}{subsection.3.1}% 15
\BOOKMARK [3][-]{subsubsection.3.1.4}{\376\377\174\373\176\337\220\032\117\341\116\016\142\227\136\162\142\160\213\276\213\241}{subsection.3.1}% 16
\BOOKMARK [2][-]{subsection.3.2}{\376\377\116\221\155\361\131\004\171\321\142\200\166\204\141\037\167\345\207\215\124\010\116\016\143\247\122\066\117\030\123\026}{section.3}% 17
\BOOKMARK [3][-]{subsubsection.3.2.1}{\376\377\131\032\117\040\141\037\126\150\207\215\124\010\116\016\162\266\140\001\117\060\213\241}{subsection.3.2}% 18
\BOOKMARK [3][-]{subsubsection.3.2.2}{\376\377\215\357\137\204\211\304\122\022\116\016\133\374\202\052\143\247\122\066\126\150\213\276\213\241}{subsection.3.2}% 19
\BOOKMARK [3][-]{subsubsection.3.2.3}{\376\377\142\147\210\114\176\323\147\204\116\016\136\163\123\360\214\003\136\246}{subsection.3.2}% 20
\BOOKMARK [3][-]{subsubsection.3.2.4}{\376\377\174\373\176\337\142\227\136\162\142\160\213\276\213\241\116\016\133\271\225\031\147\072\122\066}{subsection.3.2}% 21
\BOOKMARK [2][-]{subsection.3.3}{\376\377\143\247\122\066\126\150\213\276\213\241\145\271\154\325\127\050\117\001\116\032\174\373\176\337\116\055\166\204\135\345\172\013\133\236\163\260}{section.3}% 22
\BOOKMARK [1][-]{section.4}{\376\377\201\021\147\072\143\245\123\343\116\055\166\204\213\241\173\227\147\072\143\247\122\066\174\373\176\337\136\224\165\050}{}% 23
\BOOKMARK [2][-]{subsection.4.1}{\376\377\201\021\147\072\143\245\123\343\142\200\147\057\123\321\134\125\151\202\217\360}{section.4}% 24
\BOOKMARK [2][-]{subsection.4.2}{\376\377\137\072\201\021\171\321\142\200\166\204\227\136\117\265\121\145\137\017\201\021\143\247\174\373\176\337\150\110\117\213}{section.4}% 25
\BOOKMARK [2][-]{subsection.4.3}{\376\377\116\272\147\072\116\244\116\222\174\373\176\337\166\204\225\355\163\257\123\315\231\210\143\247\122\066\213\276\213\241}{section.4}% 26
\BOOKMARK [2][-]{subsection.4.4}{\376\377\121\170\127\213\143\247\122\066\174\373\176\337\122\006\147\220\116\016\117\341\123\367\126\152\130\360\131\004\164\006\133\371\173\126}{section.4}% 27
\BOOKMARK [1][-]{section.5}{\376\377\140\073\176\323\116\016\134\125\147\033}{}% 28
\BOOKMARK [2][-]{subsection.5.1}{\376\377\147\054\145\207\140\073\176\323}{section.5}% 29
\BOOKMARK [2][-]{subsection.5.2}{\376\377\137\123\122\115\133\130\127\050\166\204\143\021\142\030\116\016\123\321\134\125\164\366\230\210}{section.5}% 30
\BOOKMARK [2][-]{subsection.5.3}{\376\377\133\371\147\052\147\145\142\200\147\057\215\357\176\277\166\204\134\125\147\033}{section.5}% 31
\BOOKMARK [1][-]{subsection.5.3}{\376\377\123\302\000\040\200\003\000\040\145\207\000\040\163\056}{}% 32
